0 info it worked if it ends with ok
1 verbose cli [ '/usr/bin/node', '/usr/bin/npm', 'run', 'test' ]
2 info using npm@3.10.10
3 info using node@v6.17.1
4 verbose run-script [ 'pretest', 'test', 'posttest' ]
5 info lifecycle NodeSonarExample@1.0.0~pretest: NodeSonarExample@1.0.0
6 silly lifecycle NodeSonarExample@1.0.0~pretest: no script for pretest, continuing
7 info lifecycle NodeSonarExample@1.0.0~test: NodeSonarExample@1.0.0
8 verbose lifecycle NodeSonarExample@1.0.0~test: unsafe-perm in lifecycle true
9 verbose lifecycle NodeSonarExample@1.0.0~test: PATH: /usr/lib/node_modules/npm/bin/node-gyp-bin:/home/centos/amit/NodeSonarExample/node_modules/.bin:/usr/local/bin:/usr/bin:/usr/local/sbin:/usr/sbin:/home/centos/.local/bin:/home/centos/bin
10 verbose lifecycle NodeSonarExample@1.0.0~test: CWD: /home/centos/amit/NodeSonarExample
11 silly lifecycle NodeSonarExample@1.0.0~test: Args: [ '-c', 'jest --coverage' ]
12 silly lifecycle NodeSonarExample@1.0.0~test: Returned: code: 1  signal: null
13 info lifecycle NodeSonarExample@1.0.0~test: Failed to exec test script
14 verbose stack Error: NodeSonarExample@1.0.0 test: `jest --coverage`
14 verbose stack Exit status 1
14 verbose stack     at EventEmitter.<anonymous> (/usr/lib/node_modules/npm/lib/utils/lifecycle.js:255:16)
14 verbose stack     at emitTwo (events.js:106:13)
14 verbose stack     at EventEmitter.emit (events.js:191:7)
14 verbose stack     at ChildProcess.<anonymous> (/usr/lib/node_modules/npm/lib/utils/spawn.js:40:14)
14 verbose stack     at emitTwo (events.js:106:13)
14 verbose stack     at ChildProcess.emit (events.js:191:7)
14 verbose stack     at maybeClose (internal/child_process.js:920:16)
14 verbose stack     at Process.ChildProcess._handle.onexit (internal/child_process.js:230:5)
15 verbose pkgid NodeSonarExample@1.0.0
16 verbose cwd /home/centos/amit/NodeSonarExample
17 error Linux 3.10.0-1127.19.1.el7.x86_64
18 error argv "/usr/bin/node" "/usr/bin/npm" "run" "test"
19 error node v6.17.1
20 error npm  v3.10.10
21 error code ELIFECYCLE
22 error NodeSonarExample@1.0.0 test: `jest --coverage`
22 error Exit status 1
23 error Failed at the NodeSonarExample@1.0.0 test script 'jest --coverage'.
23 error Make sure you have the latest version of node.js and npm installed.
23 error If you do, this is most likely a problem with the NodeSonarExample package,
23 error not with npm itself.
23 error Tell the author that this fails on your system:
23 error     jest --coverage
23 error You can get information on how to open an issue for this project with:
23 error     npm bugs NodeSonarExample
23 error Or if that isn't available, you can get their info via:
23 error     npm owner ls NodeSonarExample
23 error There is likely additional logging output above.
24 verbose exit [ 1, true ]
